[WARN ] 2016-04-29 12:39:51 org.ansj.util.MyStaticValue.<clinit>(MyStaticValue.java:88) not find library.properties in classpath use it by default !
[WARN ] 2016-04-29 12:39:51 org.ansj.library.UserDefineLibrary.loadLibrary(UserDefineLibrary.java:155) init userLibrary  warning :D:\OwnGit\test_classification\library\default.dic because : file not found or failed to read !
[WARN ] 2016-04-29 12:39:51 org.ansj.library.UserDefineLibrary.initAmbiguityLibrary(UserDefineLibrary.java:82) init ambiguity  warning :D:\OwnGit\test_classification\library\ambiguity.dic because : file not found or failed to read !
[INFO ] 2016-04-29 12:39:52 org.ansj.library.DATDictionary.loadDAT(DATDictionary.java:75) init core library ok use time :413
[INFO ] 2016-04-29 12:39:52 org.ansj.library.NgramLibrary.<clinit>(NgramLibrary.java:17) init ngram ok use time :608
[INFO ] 2016-04-29 12:39:56 w2v_Test.main(w2v_Test.java:53) 构建语料完毕！
[WARN ] 2016-04-29 12:40:07 org.ansj.util.MyStaticValue.<clinit>(MyStaticValue.java:88) not find library.properties in classpath use it by default !
[WARN ] 2016-04-29 12:40:07 org.ansj.library.UserDefineLibrary.loadLibrary(UserDefineLibrary.java:155) init userLibrary  warning :D:\OwnGit\test_classification\library\default.dic because : file not found or failed to read !
[WARN ] 2016-04-29 12:40:07 org.ansj.library.UserDefineLibrary.initAmbiguityLibrary(UserDefineLibrary.java:82) init ambiguity  warning :D:\OwnGit\test_classification\library\ambiguity.dic because : file not found or failed to read !
[INFO ] 2016-04-29 12:40:08 org.ansj.library.DATDictionary.loadDAT(DATDictionary.java:75) init core library ok use time :418
[INFO ] 2016-04-29 12:40:08 org.ansj.library.NgramLibrary.<clinit>(NgramLibrary.java:17) init ngram ok use time :538
[INFO ] 2016-04-29 12:40:12 w2v_Test.main(w2v_Test.java:53) 构建语料完毕！
[INFO ] 2016-04-29 12:41:10 w2v_Test.main(w2v_Test.java:59) 分词训练完毕！
[INFO ] 2016-04-29 12:41:11 w2v_Test.main(w2v_Test.java:62) 词模型保存完毕！
[INFO ] 2016-04-29 12:41:11 w2v_Test.main(w2v_Test.java:67) 词模型加载成功！
[INFO ] 2016-04-29 14:21:37 test_Meka.main(test_Meka.java:40) test_Meka 加载数据成功
[INFO ] 2016-04-29 14:21:38 test_Meka.main(test_Meka.java:48) test_Meka 开始训练分类器
[ERROR] 2016-04-29 14:21:38 test_Meka.main(test_Meka.java:76) test_Meka error! 
weka.core.UnsupportedAttributeTypeException: weka.classifiers.functions.SMO: Cannot handle multi-valued nominal class!
	at weka.core.Capabilities.test(Capabilities.java:1122)
	at weka.core.Capabilities.test(Capabilities.java:1303)
	at weka.core.Capabilities.test(Capabilities.java:1208)
	at weka.core.Capabilities.testWithFail(Capabilities.java:1506)
	at weka.classifiers.functions.SMO.buildClassifier(SMO.java:1251)
	at meka.classifiers.multilabel.PS.buildClassifier(PS.java:209)
	at test_Meka.main(test_Meka.java:49)
	at sun.reflect.NativeMethodAccessorImpl.invoke0(Native Method)
	at sun.reflect.NativeMethodAccessorImpl.invoke(NativeMethodAccessorImpl.java:62)
	at sun.reflect.DelegatingMethodAccessorImpl.invoke(DelegatingMethodAccessorImpl.java:43)
	at java.lang.reflect.Method.invoke(Method.java:498)
	at com.intellij.rt.execution.application.AppMain.main(AppMain.java:144)
